\BOOKMARK [0][-]{chapter*.2}{PERNYATAAN\040ORISINALITAS}{}% 1
\BOOKMARK [0][-]{chapter*.4}{KATA\040PENGANTAR}{}% 2
\BOOKMARK [0][-]{chapter*.5}{ABSTRAK}{}% 3
\BOOKMARK [0][-]{chapter*.6}{ABSTRACT}{}% 4
\BOOKMARK [0][-]{chapter*.7}{DAFTAR\040ISI}{}% 5
\BOOKMARK [0][-]{chapter*.8}{DAFTAR\040GAMBAR}{}% 6
\BOOKMARK [0][-]{chapter*.9}{DAFTAR\040TABEL}{}% 7
\BOOKMARK [0][-]{chapter.1}{JUDUL\040BAB}{}% 8
\BOOKMARK [1][-]{section.1.1}{Section}{chapter.1}% 9
\BOOKMARK [2][-]{subsection.1.1.1}{Subsection}{section.1.1}% 10
\BOOKMARK [2][-]{subsection.1.1.2}{Subsection}{section.1.1}% 11
\BOOKMARK [1][-]{section.1.2}{Section}{chapter.1}% 12
\BOOKMARK [0][-]{chapter.2}{JUDUL\040BAB}{}% 13
\BOOKMARK [1][-]{section.2.1}{Section}{chapter.2}% 14
\BOOKMARK [2][-]{subsection.2.1.1}{Subsection}{section.2.1}% 15
\BOOKMARK [2][-]{subsection.2.1.2}{Subsection}{section.2.1}% 16
\BOOKMARK [1][-]{section.2.2}{Section}{chapter.2}% 17
\BOOKMARK [0][-]{chapter.3}{JUDUL\040BAB}{}% 18
\BOOKMARK [1][-]{section.3.1}{Section}{chapter.3}% 19
\BOOKMARK [2][-]{subsection.3.1.1}{Subsection}{section.3.1}% 20
\BOOKMARK [2][-]{subsection.3.1.2}{Subsection}{section.3.1}% 21
\BOOKMARK [1][-]{section.3.2}{Section}{chapter.3}% 22
\BOOKMARK [0][-]{chapter.4}{JUDUL\040BAB}{}% 23
\BOOKMARK [1][-]{section.4.1}{Section}{chapter.4}% 24
\BOOKMARK [2][-]{subsection.4.1.1}{Subsection}{section.4.1}% 25
\BOOKMARK [2][-]{subsection.4.1.2}{Subsection}{section.4.1}% 26
\BOOKMARK [1][-]{section.4.2}{Section}{chapter.4}% 27
\BOOKMARK [0][-]{chapter.5}{JUDUL\040BAB}{}% 28
\BOOKMARK [1][-]{section.5.1}{Section}{chapter.5}% 29
\BOOKMARK [2][-]{subsection.5.1.1}{Subsection}{section.5.1}% 30
\BOOKMARK [2][-]{subsection.5.1.2}{Subsection}{section.5.1}% 31
\BOOKMARK [1][-]{section.5.2}{Section}{chapter.5}% 32
\BOOKMARK [0][-]{chapter.6}{JUDUL\040BAB}{}% 33
\BOOKMARK [1][-]{section.6.1}{Section}{chapter.6}% 34
\BOOKMARK [2][-]{subsection.6.1.1}{Subsection}{section.6.1}% 35
\BOOKMARK [2][-]{subsection.6.1.2}{Subsection}{section.6.1}% 36
\BOOKMARK [1][-]{section.6.2}{Section}{chapter.6}% 37
\BOOKMARK [0][-]{chapter*.10}{DAFTAR\040PUSTAKA}{}% 38
